<?xml version="1.0" encoding="UTF-8"?>
<!-- Generated by org.testng.reporters.JUnitXMLReporter -->
<testsuite ignored="2" hostname="DESKTOP-BNM05JR" failures="0" tests="2" name="Default test" time="28.082" errors="0" timestamp="2022-11-08T23:10:12 IST">
  <testcase classname="actitime.LoginTest" name="testLoginWrongUser" time="5.407"/>
  <testcase classname="actitime.LoginTest" name="testLoginWrongUser" time="5.264"/>
  <testcase classname="actitime.LoginTest" name="testLoginAndLogout" time="0.0">
    <ignored/>
  </testcase> <!-- testLoginAndLogout -->
  <testcase classname="actitime.LoginTest" name="testLoginWrongPassword" time="0.0">
    <ignored/>
  </testcase> <!-- testLoginWrongPassword -->
</testsuite> <!-- Default test -->
