<?xml version="1.0" encoding="UTF-8"?>
<!-- Generated by org.testng.reporters.JUnitXMLReporter -->
<testsuite ignored="0" hostname="DESKTOP-BNM05JR" failures="0" tests="3" name="Default test" time="46.643" errors="0" timestamp="2022-11-09T00:05:14 IST">
  <testcase classname="actitime.LoginTest" name="testLoginAndLogout" time="9.295"/>
  <testcase classname="actitime.LoginTest" name="testLoginWrongUser" time="5.249"/>
  <testcase classname="actitime.LoginTest" name="testLoginWrongUser" time="5.271"/>
</testsuite> <!-- Default test -->
