<?xml version="1.0" encoding="UTF-8"?>
<!-- Generated by org.testng.reporters.JUnitXMLReporter -->
<testsuite ignored="0" hostname="DESKTOP-BNM05JR" failures="0" tests="3" name="Login" time="37.409" errors="0" timestamp="2022-11-08T23:26:44 IST">
  <testcase classname="actitime.LoginTest" name="testLoginAndLogout" time="7.615"/>
  <testcase classname="actitime.LoginTest" name="testLoginWrongUser" time="5.422"/>
  <testcase classname="actitime.LoginTest" name="testLoginWrongUser" time="5.446"/>
</testsuite> <!-- Login -->
