<?xml version="1.0" encoding="UTF-8"?>
<!-- Generated by org.testng.reporters.JUnitXMLReporter -->
<testsuite ignored="0" hostname="DESKTOP-BNM05JR" failures="0" tests="3" name="Login" time="48.148" errors="0" timestamp="2022-11-08T23:39:20 IST">
  <testcase classname="actitime.LoginTest" name="testLoginAndLogout" time="13.143"/>
  <testcase classname="actitime.LoginTest" name="testLoginWrongUser" time="6.454"/>
  <testcase classname="actitime.LoginTest" name="testLoginWrongUser" time="5.717"/>
</testsuite> <!-- Login -->
