<?xml version="1.0" encoding="UTF-8"?>
<!-- Generated by org.testng.reporters.JUnitXMLReporter -->
<testsuite ignored="0" hostname="DESKTOP-BNM05JR" failures="0" tests="3" name="Login" time="48.52" errors="0" timestamp="2022-11-09T00:07:27 IST">
  <testcase classname="actitime.LoginTest" name="testLoginAndLogout" time="9.956"/>
  <testcase classname="actitime.LoginTest" name="testLoginWrongUser" time="5.37"/>
  <testcase classname="actitime.LoginTest" name="testLoginWrongUser" time="5.349"/>
</testsuite> <!-- Login -->
