<?xml version="1.0" encoding="UTF-8"?>
<!-- Generated by org.testng.reporters.JUnitXMLReporter -->
<testsuite ignored="2" hostname="DESKTOP-BNM05JR" failures="0" tests="2" name="Reports" time="90.163" errors="0" timestamp="2022-11-09T00:08:57 IST">
  <testcase classname="actitime.LeaveReportTest" name="@BeforeClass setBeforeMethod" time="0.0">
    <failure type="java.lang.NullPointerException">
      <![CDATA[java.lang.NullPointerException
at org.openqa.selenium.support.pagefactory.DefaultElementLocator.findElement(DefaultElementLocator.java:70)
at org.openqa.selenium.support.pagefactory.internal.LocatingElementHandler.invoke(LocatingElementHandler.java:39)
at com.sun.proxy.$Proxy15.sendKeys(Unknown Source)
at actitime.pageobjects.LoginPage.loginAction(LoginPage.java:33)
at actitime.LeaveReportTest.setBeforeMethod(LeaveReportTest.java:17)
at java.base/java.util.ArrayList.forEach(ArrayList.java:1541)
... Removed 29 stack frames]]>
    </failure>
  </testcase> <!-- @BeforeClass setBeforeMethod -->
  <testcase classname="actitime.AttendenceReportTest" name="testAttendenceReport" time="17.605"/>
  <testcase classname="actitime.LeaveReportTest" name="testLeaveReport" time="0.0">
    <skipped/>
  </testcase> <!-- testLeaveReport -->
  <testcase classname="actitime.TestBase" name="@AfterTest afterAll" time="0.0">
    <ignored/>
  </testcase> <!-- @AfterTest afterAll -->
  <testcase classname="actitime.TestBase" name="@BeforeTest setUp" time="0.0">
    <ignored/>
  </testcase> <!-- @BeforeTest setUp -->
</testsuite> <!-- Reports -->
