<?xml version="1.0" encoding="UTF-8"?>
<testng-results ignored="0" total="3" passed="3" failed="0" skipped="0">
  <reporter-output>
  </reporter-output>
  <suite started-at="2022-11-09T00:04:28 IST" name="Default suite" finished-at="2022-11-09T00:05:14 IST" duration-ms="46643">
    <groups>
    </groups>
    <test started-at="2022-11-09T00:04:28 IST" name="Default test" finished-at="2022-11-09T00:05:14 IST" duration-ms="46643">
      <class name="actitime.LoginTest">
        <test-method is-config="true" signature="setUp()[pri:0, instance:actitime.LoginTest@8519cb4]" started-at="2022-11-09T00:04:28 IST" name="setUp" finished-at="2022-11-09T00:04:53 IST" duration-ms="25127" status="PASS">
          <reporter-output>
          </reporter-output>
        </test-method> <!-- setUp -->
        <test-method signature="testLoginAndLogout(java.lang.String,java.lang.String)[pri:0, instance:actitime.LoginTest@8519cb4]" started-at="2022-11-09T00:04:54 IST" name="testLoginAndLogout" data-provider="excelDataProviderCorrectUser" finished-at="2022-11-09T00:05:03 IST" duration-ms="9295" status="PASS">
          <params>
            <param index="0">
              <value>
                <![CDATA[admin]]>
              </value>
            </param>
            <param index="1">
              <value>
                <![CDATA[manager]]>
              </value>
            </param>
          </params>
          <reporter-output>
          </reporter-output>
        </test-method> <!-- testLoginAndLogout -->
        <test-method signature="testLoginWrongUser(java.lang.String,java.lang.String)[pri:0, instance:actitime.LoginTest@8519cb4]" started-at="2022-11-09T00:05:03 IST" name="testLoginWrongUser" data-provider="excelDataProviderInCorrectUser" finished-at="2022-11-09T00:05:08 IST" duration-ms="5249" status="PASS">
          <params>
            <param index="0">
              <value>
                <![CDATA[admin1]]>
              </value>
            </param>
            <param index="1">
              <value>
                <![CDATA[manager]]>
              </value>
            </param>
          </params>
          <reporter-output>
          </reporter-output>
        </test-method> <!-- testLoginWrongUser -->
        <test-method signature="testLoginWrongUser(java.lang.String,java.lang.String)[pri:0, instance:actitime.LoginTest@8519cb4]" started-at="2022-11-09T00:05:08 IST" name="testLoginWrongUser" data-provider="excelDataProviderInCorrectUser" finished-at="2022-11-09T00:05:14 IST" duration-ms="5271" status="PASS">
          <params>
            <param index="0">
              <value>
                <![CDATA[admin]]>
              </value>
            </param>
            <param index="1">
              <value>
                <![CDATA[manager1]]>
              </value>
            </param>
          </params>
          <reporter-output>
          </reporter-output>
        </test-method> <!-- testLoginWrongUser -->
        <test-method is-config="true" signature="afterAll()[pri:0, instance:actitime.LoginTest@8519cb4]" started-at="2022-11-09T00:05:14 IST" name="afterAll" finished-at="2022-11-09T00:05:14 IST" duration-ms="761" status="PASS">
          <reporter-output>
          </reporter-output>
        </test-method> <!-- afterAll -->
      </class> <!-- actitime.LoginTest -->
    </test> <!-- Default test -->
  </suite> <!-- Default suite -->
</testng-results>
